%!Adobe-FontList 1.20
%Locale:0xc0a

%BeginFont
Handler:DirectoryHandler
FontType:Invalid
OutlineFileName:C:\Users\tefa0\Desktop\landing_page\Font\fontello.eot
FileModTime:1575868450
%EndFont

%BeginFont
Handler:DirectoryHandler
FontType:Invalid
OutlineFileName:C:\Users\tefa0\Desktop\landing_page\Font\fontello.svg
FileModTime:1575868450
%EndFont

%BeginFont
Handler:DirectoryHandler
FontType:TrueType
FontName:fontello
FamilyName:fontello
StyleName:Regular
FullName:fontello
MenuName:fontello
StyleBits:0
WritingScript:Roman
OutlineFileName:C:\Users\tefa0\Desktop\landing_page\Font\fontello.ttf
DataFormat:sfntData
hasSVG:no
VariableFontType:NonVariableFont
FileLength:5008
FileModTime:1575868450
WeightClass:400
WidthClass:5
AngleClass:0
NameArray:0,Mac,4,fontello
NameArray:0,Win,1,fontello
%EndFont

%BeginFont
Handler:DirectoryHandler
FontType:Invalid
OutlineFileName:C:\Users\tefa0\Desktop\landing_page\Font\fontello.woff
FileModTime:1575868450
%EndFont

%BeginFont
Handler:DirectoryHandler
FontType:Invalid
OutlineFileName:C:\Users\tefa0\Desktop\landing_page\Font\fontello.woff2
FileModTime:1575868450
%EndFont

